{
  "RSpec": {
    "coverage": {
      "/Users/isaacalter/Desktop/turing_work/3mod/final_project/Whether_Sweater/config/environment.rb": {
        "lines": [
          null,
          1,
          null,
          null,
          1
        ]
      },
      "/Users/isaacalter/Desktop/turing_work/3mod/final_project/Whether_Sweater/config/application.rb": {
        "lines": [
          1,
          null,
          1,
          null,
          null,
          null,
          1,
          null,
          1,
          1,
          null,
          1,
          null,
          null,
          null,
          null,
          null,
          null,
          null,
          null,
          null,
          null,
          null,
          null,
          1,
          null,
          null
        ]
      },
      "/Users/isaacalter/Desktop/turing_work/3mod/final_project/Whether_Sweater/config/boot.rb": {
        "lines": [
          1,
          null,
          1,
          1
        ]
      },
      "/Users/isaacalter/Desktop/turing_work/3mod/final_project/Whether_Sweater/config/environments/test.rb": {
        "lines": [
          1,
          null,
          null,
          null,
          null,
          null,
          null,
          1,
          null,
          null,
          null,
          1,
          null,
          null,
          null,
          null,
          1,
          null,
          null,
          1,
          1,
          null,
          null,
          null,
          null,
          1,
          1,
          1,
          null,
          null,
          1,
          null,
          null,
          1,
          null,
          null,
          1,
          null,
          1,
          null,
          null,
          null,
          null,
          1,
          null,
          null,
          1,
          null,
          null,
          1,
          null,
          null,
          1,
          null,
          null,
          null,
          null,
          null,
          null,
          null
        ]
      },
      "/Users/isaacalter/Desktop/turing_work/3mod/final_project/Whether_Sweater/config/initializers/cors.rb": {
        "lines": [
          null,
          null,
          null,
          null,
          null,
          null,
          null,
          null,
          null,
          null,
          null,
          null,
          null,
          null,
          null,
          null
        ]
      },
      "/Users/isaacalter/Desktop/turing_work/3mod/final_project/Whether_Sweater/config/initializers/filter_parameter_logging.rb": {
        "lines": [
          null,
          null,
          null,
          null,
          null,
          1,
          null,
          null
        ]
      },
      "/Users/isaacalter/Desktop/turing_work/3mod/final_project/Whether_Sweater/config/initializers/inflections.rb": {
        "lines": [
          null,
          null,
          null,
          null,
          null,
          null,
          null,
          null,
          null,
          null,
          null,
          null,
          null,
          null,
          null,
          null
        ]
      },
      "/Users/isaacalter/Desktop/turing_work/3mod/final_project/Whether_Sweater/config/routes.rb": {
        "lines": [
          1,
          null,
          null,
          null,
          null,
          null
        ]
      },
      "/Users/isaacalter/Desktop/turing_work/3mod/final_project/Whether_Sweater/app/facades/map_facade.rb": {
        "lines": [
          1,
          1,
          null,
          1,
          2,
          null,
          null,
          1,
          6,
          null,
          null,
          1,
          1,
          6,
          null,
          null
        ]
      },
      "/Users/isaacalter/Desktop/turing_work/3mod/final_project/Whether_Sweater/spec/services/map_services_spec.rb": {
        "lines": [
          1,
          null,
          1,
          1,
          1,
          1,
          1,
          1,
          1,
          1,
          1,
          1,
          1,
          1,
          1,
          1,
          1,
          1,
          1,
          null,
          null,
          null
        ]
      },
      "/Users/isaacalter/Desktop/turing_work/3mod/final_project/Whether_Sweater/app/services/map_service.rb": {
        "lines": [
          1,
          1,
          7,
          null,
          null,
          1,
          7,
          7,
          null,
          null,
          null,
          1,
          7,
          7,
          null,
          null
        ]
      }
    },
    "timestamp": 1682305962
  }
}
